[debug] [2017-07-16T03:55:23.633Z] ----------------------------------------------------------------------
[debug] [2017-07-16T03:55:23.645Z] Command:      C:\Program Files\nodejs\node.exe C:\Users\Christian\AppData\Roaming\npm\node_modules\firebase-tools\bin\firebase serve
[debug] [2017-07-16T03:55:23.647Z] CLI Version:  3.9.1
[debug] [2017-07-16T03:55:23.647Z] Platform:     win32
[debug] [2017-07-16T03:55:23.648Z] Node Version: v6.10.1
[debug] [2017-07-16T03:55:23.650Z] Time:         Sat Jul 15 2017 20:55:23 GMT-0700 (Pacific Daylight Time)
[debug] [2017-07-16T03:55:23.651Z] ----------------------------------------------------------------------
[debug] 
[debug] [2017-07-16T03:55:23.747Z] > command requires scopes: ["email","openid","https://www.googleapis.com/auth/cloudplatformprojects.readonly","https://www.googleapis.com/auth/firebase","https://www.googleapis.com/auth/cloud-platform"]
[debug] [2017-07-16T03:55:23.749Z] > authorizing via signed-in user
[debug] [2017-07-16T03:55:23.760Z] >>> HTTP REQUEST GET https://admin.firebase.com/v1/projects/statusbuddymobile  
 Sat Jul 15 2017 20:55:23 GMT-0700 (Pacific Daylight Time)
[debug] [2017-07-16T03:55:24.645Z] <<< HTTP RESPONSE 200
[debug] [2017-07-16T03:55:24.648Z] >>> HTTP REQUEST GET https://admin.firebase.com/v1/database/statusbuddymobile/tokens  
 Sat Jul 15 2017 20:55:24 GMT-0700 (Pacific Daylight Time)
[debug] [2017-07-16T03:55:25.473Z] <<< HTTP RESPONSE 200
[info] 
[info] === Serving from 'C:\Users\Christian\Documents\Programming\StatusBuddy\StatusBuddy'...
[info] 
[debug] [2017-07-16T03:55:25.510Z] >>> HTTP REQUEST GET https://cloudresourcemanager.googleapis.com/v1/projects/statusbuddymobile  
 Sat Jul 15 2017 20:55:25 GMT-0700 (Pacific Daylight Time)
[debug] [2017-07-16T03:55:26.116Z] <<< HTTP RESPONSE 200
[debug] [2017-07-16T03:55:26.118Z] >>> HTTP REQUEST GET https://mobilesdk-pa.googleapis.com/v1/projects/934197402730/clients/_:getWebAppConfig  
 Sat Jul 15 2017 20:55:26 GMT-0700 (Pacific Daylight Time)
[debug] [2017-07-16T03:55:26.974Z] <<< HTTP RESPONSE 200
[info] i  hosting: Serving hosting files from: public
[info] +  hosting: Local server: http://localhost:5000

